<?xml version="1.0" encoding="UTF-8"?>
<testsuites name="Mocha Tests" time="0.0000" tests="1" failures="1">
  <testsuite name="Root Suite" timestamp="2021-09-28T15:20:59" tests="0" file="cypress/integration/cucumber-tests/ServiceRequest.feature" time="0.0000" failures="0">
  </testsuite>
  <testsuite name="Service Request" timestamp="2021-09-28T15:20:59" tests="1" time="0.0000" failures="1">
    <testcase name="Service Request Verify all service request functionalities" time="0.0000" classname="Verify all service request functionalities">
      <failure message="Timed out retrying after 70000ms: Expected to find element: `[aria-label=&apos;June 1, 2021&apos;] &gt; .mat-calendar-body-cell-content`, but never found it." type="AssertionError"><![CDATA[AssertionError: Timed out retrying after 70000ms: Expected to find element: `[aria-label='June 1, 2021'] > .mat-calendar-body-cell-content`, but never found it.
    at Function.sendStatement (https://80.248.0.83:3443/__cypress/tests?p=cypress\integration\cucumber-tests\ServiceRequest.feature:228:10)
    at Context.eval (https://80.248.0.83:3443/__cypress/tests?p=cypress\integration\cucumber-tests\ServiceRequest.feature:75:35)
    at Context.resolveAndRunStepDefinition (https://80.248.0.83:3443/__cypress/tests?p=cypress\integration\cucumber-tests\ServiceRequest.feature:10770:29)
    at Context.eval (https://80.248.0.83:3443/__cypress/tests?p=cypress\integration\cucumber-tests\ServiceRequest.feature:10112:35)]]></failure>
    </testcase>
  </testsuite>
</testsuites>