<?xml version="1.0" encoding="UTF-8"?>
<testsuites name="Mocha Tests" time="0.0000" tests="1" failures="1">
  <testsuite name="Root Suite" timestamp="2021-07-26T15:46:17" tests="0" file="cypress/integration/cucumber-tests/AirtimeTopup.feature" time="0.0000" failures="0">
  </testsuite>
  <testsuite name="Airtime TopUp" timestamp="2021-07-26T15:46:17" tests="1" time="0.0000" failures="1">
    <testcase name="Airtime TopUp Airtime TopUp" time="0.0000" classname="Airtime TopUp">
      <failure message="Timed out retrying after 70000ms: Expected to find element: `#mat-select-1 &gt; .mat-select-trigger &gt; .mat-select-value &gt; .mat-select-placeholder`, but never found it." type="AssertionError"><![CDATA[AssertionError: Timed out retrying after 70000ms: Expected to find element: `#mat-select-1 > .mat-select-trigger > .mat-select-value > .mat-select-placeholder`, but never found it.
    at Function.selectServiceProvider (https://80.248.0.83:3443/__cypress/tests?p=cypress\integration\cucumber-tests\AirtimeTopup.feature:128:10)
    at Context.eval (https://80.248.0.83:3443/__cypress/tests?p=cypress\integration\cucumber-tests\AirtimeTopup.feature:68:31)
    at Context.resolveAndRunStepDefinition (https://80.248.0.83:3443/__cypress/tests?p=cypress\integration\cucumber-tests\AirtimeTopup.feature:10676:9)
    at Context.eval (https://80.248.0.83:3443/__cypress/tests?p=cypress\integration\cucumber-tests\AirtimeTopup.feature:10015:35)]]></failure>
    </testcase>
  </testsuite>
</testsuites>