<?xml version="1.0" encoding="UTF-8"?>
<testsuites name="Mocha Tests" time="0.0000" tests="1" failures="1">
  <testsuite name="Root Suite" timestamp="2021-07-26T15:51:14" tests="0" file="cypress/integration/cucumber-tests/Beneficiaries.feature" time="0.0000" failures="0">
  </testsuite>
  <testsuite name="Beneficiaries" timestamp="2021-07-26T15:51:14" tests="1" time="0.0000" failures="1">
    <testcase name="Beneficiaries Add / Remove Beneficiaries" time="0.0000" classname="Add / Remove Beneficiaries">
      <failure message="Timed out retrying after 70000ms: Expected to find element: `#mat-hint-0 &gt; strong`, but never found it." type="AssertionError"><![CDATA[AssertionError: Timed out retrying after 70000ms: Expected to find element: `#mat-hint-0 > strong`, but never found it.
    at Function.addBeneficiaryDetails (https://80.248.0.83:3443/__cypress/tests?p=cypress\integration\cucumber-tests\Beneficiaries.feature:183:29)
    at Context.eval (https://80.248.0.83:3443/__cypress/tests?p=cypress\integration\cucumber-tests\Beneficiaries.feature:74:33)
    at Context.resolveAndRunStepDefinition (https://80.248.0.83:3443/__cypress/tests?p=cypress\integration\cucumber-tests\Beneficiaries.feature:10696:9)
    at Context.eval (https://80.248.0.83:3443/__cypress/tests?p=cypress\integration\cucumber-tests\Beneficiaries.feature:10035:35)]]></failure>
    </testcase>
  </testsuite>
</testsuites>