<?xml version="1.0" encoding="UTF-8"?>
<testsuites name="Mocha Tests" time="0.0000" tests="1" failures="1">
  <testsuite name="Root Suite" timestamp="2021-07-26T15:41:02" tests="0" file="cypress/integration/cucumber-tests/3SBanking.feature" time="0.0000" failures="0">
  </testsuite>
  <testsuite name="3S Banking" timestamp="2021-07-26T15:41:02" tests="1" time="0.0000" failures="1">
    <testcase name="3S Banking Verify all 3S banking functionalities" time="0.0000" classname="Verify all 3S banking functionalities">
      <failure message="Timed out retrying after 70000ms: Expected to find element: `h5`, but never found it." type="AssertionError"><![CDATA[AssertionError: Timed out retrying after 70000ms: Expected to find element: `h5`, but never found it.
    at Function.manageMandate (https://80.248.0.83:3443/__cypress/tests?p=cypress\integration\cucumber-tests\3SBanking.feature:151:20)
    at Context.eval (https://80.248.0.83:3443/__cypress/tests?p=cypress\integration\cucumber-tests\3SBanking.feature:75:31)
    at Context.resolveAndRunStepDefinition (https://80.248.0.83:3443/__cypress/tests?p=cypress\integration\cucumber-tests\3SBanking.feature:10659:9)
    at Context.eval (https://80.248.0.83:3443/__cypress/tests?p=cypress\integration\cucumber-tests\3SBanking.feature:9998:35)]]></failure>
    </testcase>
  </testsuite>
</testsuites>