<?xml version="1.0" encoding="UTF-8"?>
<testsuites name="Mocha Tests" time="0.0000" tests="1" failures="1">
  <testsuite name="Root Suite" timestamp="2021-06-10T15:10:25" tests="0" file="cypress/integration/cucumber-tests/lifestyle.feature" time="0.0000" failures="0">
  </testsuite>
  <testsuite name="Lifestyle" timestamp="2021-06-10T15:10:25" tests="1" time="0.0000" failures="1">
    <testcase name="Lifestyle Book flight" time="0.0000" classname="Book flight">
      <failure message="Timed out retrying after 70000ms: Expected to find element: `#txtusername`, but never found it." type="AssertionError"><![CDATA[AssertionError: Timed out retrying after 70000ms: Expected to find element: `#txtusername`, but never found it.
    at Function.fillUserID (https://80.248.0.83:3443/__cypress/tests?p=cypress\integration\cucumber-tests\lifestyle.feature:158:10)
    at Context.eval (https://80.248.0.83:3443/__cypress/tests?p=cypress\integration\cucumber-tests\lifestyle.feature:103:25)
    at Context.resolveAndRunStepDefinition (https://80.248.0.83:3443/__cypress/tests?p=cypress\integration\cucumber-tests\lifestyle.feature:10608:9)
    at Context.eval (https://80.248.0.83:3443/__cypress/tests?p=cypress\integration\cucumber-tests\lifestyle.feature:9947:35)]]></failure>
    </testcase>
  </testsuite>
</testsuites>